<?xml version="1.0" encoding="UTF-8"?>
<!-- Generated by org.testng.reporters.JUnitReportReporter -->
<testsuite skipped="0" hostname="dell-PC" name="automationFramework.DriverScript" tests="1" failures="0" timestamp="20 Jan 2019 14:05:36 GMT" time="16.910" errors="0">
  <testcase name="driverScript" time="16.910" classname="automationFramework.DriverScript"/>
</testsuite> <!-- automationFramework.DriverScript -->
